<?xml version="1.0" encoding="UTF-8"?>
<!-- Generated by org.testng.reporters.JUnitXMLReporter -->
<testsuite ignored="0" hostname="WS-14567" failures="2" tests="4" name="LoginTest" time="11.101" errors="0" timestamp="2025-12-29T23:39:17 IST">
  <testcase classname="Test.LoginTest" name="InvalidLoginTest" time="0.564"/>
  <testcase classname="Test.LoginTest" name="validLoginTest" time="0.444"/>
  <testcase classname="Test.LoginTest" name="validLoginTest" time="0.425">
    <failure type="java.lang.AssertionError" message="expected [Login] but found [Products]">
      <![CDATA[java.lang.AssertionError: expected [Login] but found [Products]
at Test.LoginTest.validLoginTest(LoginTest.java:68)
at java.base/java.util.ArrayList.forEach(ArrayList.java:1511)
... Removed 33 stack frames]]>
    </failure>
  </testcase> <!-- validLoginTest -->
  <testcase classname="Test.LoginTest" name="validLoginTest" time="0.398">
    <failure type="java.lang.AssertionError" message="expected [Login] but found [Products]">
      <![CDATA[java.lang.AssertionError: expected [Login] but found [Products]
at Test.LoginTest.validLoginTest(LoginTest.java:68)
at java.base/java.util.ArrayList.forEach(ArrayList.java:1511)
... Removed 33 stack frames]]>
    </failure>
  </testcase> <!-- validLoginTest -->
</testsuite> <!-- LoginTest -->
